myOverplace_002/platforms/android/build/outputs/apk/manifest-merger-release-report.txt
-- Merging decision tree log ---
manifest
ADDED from AndroidManifest.xml:2:1
	package
		ADDED from AndroidManifest.xml:2:102
	android:versionName
		ADDED from AndroidManifest.xml:2:73
	android:hardwareAccelerated
		ADDED from AndroidManifest.xml:2:11
	android:versionCode
		ADDED from AndroidManifest.xml:2:46
		INJECTED from AndroidManifest.xml:0:0
		INJECTED from AndroidManifest.xml:0:0
	xmlns:android
		ADDED from AndroidManifest.xml:2:138
supports-screens
ADDED from AndroidManifest.xml:3:5
	android:largeScreens
		ADDED from AndroidManifest.xml:3:49
	android:smallScreens
		ADDED from AndroidManifest.xml:3:132
	android:normalScreens
		ADDED from AndroidManifest.xml:3:77
	android:xlargeScreens
		ADDED from AndroidManifest.xml:3:160
	android:resizeable
		ADDED from AndroidManifest.xml:3:106
	android:anyDensity
		ADDED from AndroidManifest.xml:3:23
uses-permission#android.permission.INTERNET
ADDED from AndroidManifest.xml:4:5
	android:name
		ADDED from AndroidManifest.xml:4:22
uses-permission#android.permission.ACCESS_NETWORK_STATE
ADDED from AndroidManifest.xml:5:5
	android:name
		ADDED from AndroidManifest.xml:5:22
uses-permission#android.permission.ACCESS_WIFI_STATE
ADDED from AndroidManifest.xml:6:5
	android:name
		ADDED from AndroidManifest.xml:6:22
application
ADDED from AndroidManifest.xml:7:5
	android:label
		ADDED from AndroidManifest.xml:7:83
	android:supportsRtl
		ADDED from AndroidManifest.xml:7:116
	android:hardwareAccelerated
		ADDED from AndroidManifest.xml:7:18
	android:icon
		ADDED from AndroidManifest.xml:7:53
activity#com.overplace.myoverplace.MainActivity
ADDED from AndroidManifest.xml:8:9
	android:screenOrientation
		ADDED from AndroidManifest.xml:8:194
	android:label
		ADDED from AndroidManifest.xml:8:97
	android:launchMode
		ADDED from AndroidManifest.xml:8:135
	android:windowSoftInputMode
		ADDED from AndroidManifest.xml:8:285
	android:configChanges
		ADDED from AndroidManifest.xml:8:19
	android:theme
		ADDED from AndroidManifest.xml:8:231
	android:name
		ADDED from AndroidManifest.xml:8:166
intent-filter#android.intent.action.MAIN+android.intent.category.LAUNCHER
ADDED from AndroidManifest.xml:9:13
	android:label
		ADDED from AndroidManifest.xml:9:28
action#android.intent.action.MAIN
ADDED from AndroidManifest.xml:10:17
	android:name
		ADDED from AndroidManifest.xml:10:25
category#android.intent.category.LAUNCHER
ADDED from AndroidManifest.xml:11:17
	android:name
		ADDED from AndroidManifest.xml:11:27
activity#com.plugin.gcm.PushHandlerActivity
ADDED from AndroidManifest.xml:14:9
	android:exported
		ADDED from AndroidManifest.xml:14:19
	android:name
		ADDED from AndroidManifest.xml:14:43
receiver#com.plugin.gcm.CordovaGCMBroadcastReceiver
ADDED from AndroidManifest.xml:15:9
	android:permission
		ADDED from AndroidManifest.xml:15:77
	android:name
		ADDED from AndroidManifest.xml:15:19
intent-filter#com.google.android.c2dm.intent.RECEIVE+com.google.android.c2dm.intent.REGISTRATION+com.ionicframework.myoverplace342354
ADDED from AndroidManifest.xml:16:13
action#com.google.android.c2dm.intent.RECEIVE
ADDED from AndroidManifest.xml:17:17
	android:name
		ADDED from AndroidManifest.xml:17:25
action#com.google.android.c2dm.intent.REGISTRATION
ADDED from AndroidManifest.xml:18:17
	android:name
		ADDED from AndroidManifest.xml:18:25
category#com.ionicframework.myoverplace342354
ADDED from AndroidManifest.xml:19:17
	android:name
		ADDED from AndroidManifest.xml:19:27
service#com.plugin.gcm.GCMIntentService
ADDED from AndroidManifest.xml:22:9
	android:name
		ADDED from AndroidManifest.xml:22:18
receiver#de.appplant.cordova.plugin.localnotification.TriggerReceiver
ADDED from AndroidManifest.xml:23:9
	android:exported
		ADDED from AndroidManifest.xml:23:19
	android:name
		ADDED from AndroidManifest.xml:23:44
receiver#de.appplant.cordova.plugin.localnotification.ClearReceiver
ADDED from AndroidManifest.xml:24:9
	android:exported
		ADDED from AndroidManifest.xml:24:19
	android:name
		ADDED from AndroidManifest.xml:24:44
activity#de.appplant.cordova.plugin.localnotification.ClickActivity
ADDED from AndroidManifest.xml:25:9
	android:launchMode
		ADDED from AndroidManifest.xml:25:44
	android:exported
		ADDED from AndroidManifest.xml:25:19
	android:theme
		ADDED from AndroidManifest.xml:25:154
	android:name
		ADDED from AndroidManifest.xml:25:80
receiver#de.appplant.cordova.plugin.notification.TriggerReceiver
ADDED from AndroidManifest.xml:26:9
	android:exported
		ADDED from AndroidManifest.xml:26:19
	android:name
		ADDED from AndroidManifest.xml:26:44
receiver#de.appplant.cordova.plugin.notification.ClearReceiver
ADDED from AndroidManifest.xml:27:9
	android:exported
		ADDED from AndroidManifest.xml:27:19
	android:name
		ADDED from AndroidManifest.xml:27:44
receiver#de.appplant.cordova.plugin.localnotification.RestoreReceiver
ADDED from AndroidManifest.xml:28:9
	android:exported
		ADDED from AndroidManifest.xml:28:19
	android:name
		ADDED from AndroidManifest.xml:28:44
intent-filter#android.intent.action.BOOT_COMPLETED
ADDED from AndroidManifest.xml:29:13
action#android.intent.action.BOOT_COMPLETED
ADDED from AndroidManifest.xml:30:17
	android:name
		ADDED from AndroidManifest.xml:30:25
activity#de.appplant.cordova.plugin.notification.ClickActivity
ADDED from AndroidManifest.xml:33:9
	android:launchMode
		ADDED from AndroidManifest.xml:33:44
	android:exported
		ADDED from AndroidManifest.xml:33:19
	android:theme
		ADDED from AndroidManifest.xml:33:149
	android:name
		ADDED from AndroidManifest.xml:33:80
uses-sdk
ADDED from AndroidManifest.xml:35:5
MERGED from android:CordovaLib:unspecified:release:25:5
	android:targetSdkVersion
		ADDED from AndroidManifest.xml:35:42
	android:minSdkVersion
		ADDED from AndroidManifest.xml:35:15
uses-permission#android.permission.GET_ACCOUNTS
ADDED from AndroidManifest.xml:36:5
	android:name
		ADDED from AndroidManifest.xml:36:22
uses-permission#android.permission.WAKE_LOCK
ADDED from AndroidManifest.xml:37:5
	android:name
		ADDED from AndroidManifest.xml:37:22
uses-permission#android.permission.VIBRATE
ADDED from AndroidManifest.xml:38:5
	android:name
		ADDED from AndroidManifest.xml:38:22
uses-permission#com.google.android.c2dm.permission.RECEIVE
ADDED from AndroidManifest.xml:39:5
	android:name
		ADDED from AndroidManifest.xml:39:22
permission#com.ionicframework.myoverplace342354.permission.C2D_MESSAGE
ADDED from AndroidManifest.xml:40:5
	android:protectionLevel
		ADDED from AndroidManifest.xml:40:92
	android:name
		ADDED from AndroidManifest.xml:40:17
uses-permission#com.ionicframework.myoverplace342354.permission.C2D_MESSAGE
ADDED from AndroidManifest.xml:41:5
	android:name
		ADDED from AndroidManifest.xml:41:22
uses-permission#android.permission.WRITE_EXTERNAL_STORAGE
ADDED from AndroidManifest.xml:42:5
	android:name
		ADDED from AndroidManifest.xml:42:22
uses-permission#android.permission.RECEIVE_BOOT_COMPLETED
ADDED from AndroidManifest.xml:43:5
	android:name
		ADDED from AndroidManifest.xml:43:22
uses-permission#android.permission.RECORD_AUDIO
ADDED from AndroidManifest.xml:44:5
	android:name
		ADDED from AndroidManifest.xml:44:22
uses-permission#android.permission.MODIFY_AUDIO_SETTINGS
ADDED from AndroidManifest.xml:45:5
	android:name
		ADDED from AndroidManifest.xml:45:22
uses-permission#android.permission.READ_PHONE_STATE
ADDED from AndroidManifest.xml:46:5
	android:name
		ADDED from AndroidManifest.xml:46:22